<?xml version="1.0" encoding="UTF-8"?>
<!-- Generated by org.testng.reporters.JUnitXMLReporter -->
<testsuite ignored="0" hostname="DESKTOP-AU847K4" failures="0" tests="3" name="Default test" time="0.173" errors="0" timestamp="2025-06-18T08:55:55 IST">
  <testcase classname="dataDrivens.TestDataDriven" name="f" time="0.012"/>
  <testcase classname="dataDrivens.TestDataDriven" name="f" time="0.011"/>
  <testcase classname="dataDrivens.TestDataDriven" name="f" time="0.005"/>
</testsuite> <!-- Default test -->
