<?xml version="1.0" encoding="UTF-8"?>
<!-- Generated by org.testng.reporters.JUnitXMLReporter -->
<testsuite ignored="1" hostname="DESKTOP-AU847K4" failures="0" tests="2" name="Default test" time="0.162" errors="0" timestamp="2025-06-07T08:47:05 IST">
  <testcase classname="testngpack.TNG_001" name="f" time="0.011"/>
  <testcase classname="testngpack.TNG_001" name="a" time="0.007"/>
  <testcase classname="testngpack.TNG_001" name="z" time="0.0">
    <ignored/>
  </testcase> <!-- z -->
</testsuite> <!-- Default test -->
