<?xml version="1.0" encoding="UTF-8"?>
<!-- Generated by org.testng.reporters.JUnitXMLReporter -->
<testsuite ignored="1" hostname="DESKTOP-AU847K4" failures="0" tests="4" name="AutomationTest" time="0.296" errors="0" timestamp="2025-06-07T09:00:28 IST">
  <testcase classname="testngpack.TNG_001" name="f" time="0.016"/>
  <testcase classname="testngpack.TNG_001" name="a" time="0.01"/>
  <testcase classname="testngpack.NewTest" name="f1" time="0.005"/>
  <testcase classname="testngpack.DemoClass" name="m1" time="0.003"/>
  <testcase classname="testngpack.TNG_001" name="z" time="0.0">
    <ignored/>
  </testcase> <!-- z -->
</testsuite> <!-- AutomationTest -->
