<?xml version="1.0" encoding="UTF-8"?>
<!-- Generated by org.testng.reporters.JUnitXMLReporter -->
<testsuite ignored="0" hostname="DESKTOP-AU847K4" failures="0" tests="4" name="ChromeTest" time="88.338" errors="0" timestamp="2025-06-09T08:47:56 IST">
  <testcase classname="testngpack.CheckBox1" name="checkboxTest" time="0.29"/>
  <testcase classname="testngpack.RadioButton1" name="radioButtonTest" time="0.272"/>
  <testcase classname="testngpack.LinksTesting1" name="linktesting1" time="2.022"/>
  <testcase classname="testngpack.TNG_002" name="amazon" time="8.707"/>
</testsuite> <!-- ChromeTest -->
