<?xml version="1.0" encoding="UTF-8"?>
<!-- Generated by org.testng.reporters.JUnitXMLReporter -->
<testsuite ignored="0" hostname="DESKTOP-AU847K4" failures="0" tests="4" name="FirefoxTest" time="111.992" errors="0" timestamp="2025-06-09T08:49:48 IST">
  <testcase classname="testngpack.CheckBox1" name="checkboxTest" time="0.175"/>
  <testcase classname="testngpack.RadioButton1" name="radioButtonTest" time="0.195"/>
  <testcase classname="testngpack.LinksTesting1" name="linktesting1" time="1.893"/>
  <testcase classname="testngpack.TNG_002" name="amazon" time="3.448"/>
</testsuite> <!-- FirefoxTest -->
