<?xml version="1.0" encoding="UTF-8"?>
<!-- Generated by org.testng.reporters.JUnitXMLReporter -->
<testsuite ignored="0" hostname="DESKTOP-AU847K4" failures="0" tests="5" name="LoginTest" time="0.358" errors="0" timestamp="2025-06-13T08:23:58 IST">
  <testcase classname="testngparallel.Login" name="loginWithEmptyCredientials" time="0.033"/>
  <testcase classname="testngparallel.Login" name="loginWithInValidCredientials" time="0.002"/>
  <testcase classname="testngparallel.Login" name="loginWithInValidUserAndvalidPassword" time="0.041"/>
  <testcase classname="testngparallel.Login" name="loginWithValidCredientials" time="0.059"/>
  <testcase classname="testngparallel.Login" name="loginWithValidUserAndInvalidPassword" time="0.003"/>
</testsuite> <!-- LoginTest -->
