<?xml version="1.0" encoding="UTF-8"?>
<!-- Generated by org.testng.reporters.JUnitXMLReporter -->
<testsuite ignored="0" hostname="DESKTOP-AU847K4" failures="0" tests="5" name="LoginTest" time="0.114" errors="0" timestamp="2025-06-11T08:49:48 IST">
  <testcase classname="testngparallel.Login" name="loginWithEmptyCredientials" time="0.014"/>
  <testcase classname="testngparallel.Login" name="loginWithInValidCredientials" time="0.009"/>
  <testcase classname="testngparallel.Login" name="loginWithInValidUserAndvalidPassword" time="0.007"/>
  <testcase classname="testngparallel.Login" name="loginWithValidCredientials" time="0.005"/>
  <testcase classname="testngparallel.Login" name="loginWithValidUserAndInvalidPassword" time="0.007"/>
</testsuite> <!-- LoginTest -->
