<?xml version="1.0" encoding="UTF-8"?>
<!-- Generated by org.testng.reporters.JUnitXMLReporter -->
<testsuite ignored="0" hostname="DESKTOP-AU847K4" failures="0" tests="4" name="RegisterTest" time="0.264" errors="0" timestamp="2025-06-11T08:49:47 IST">
  <testcase classname="testngparallel.Register" name="registerWithAllFileds" time="0.03"/>
  <testcase classname="testngparallel.Register" name="registerWithDuplicateFileds" time="0.005"/>
  <testcase classname="testngparallel.Register" name="registerWithEmptyFileds" time="0.009"/>
  <testcase classname="testngparallel.Register" name="registerWithMandatoryFileds" time="0.01"/>
</testsuite> <!-- RegisterTest -->
