<?xml version="1.0" encoding="UTF-8"?>
<!-- Generated by org.testng.reporters.JUnitXMLReporter -->
<testsuite ignored="0" hostname="DESKTOP-AU847K4" failures="0" tests="3" name="SearchTest" time="0.049" errors="0" timestamp="2025-06-13T08:23:59 IST">
  <testcase classname="testngparallel.Search" name="InvalidTextSearch" time="0.003"/>
  <testcase classname="testngparallel.Search" name="emptyTextSearch" time="0.002"/>
  <testcase classname="testngparallel.Search" name="validTextSearch" time="0.005"/>
</testsuite> <!-- SearchTest -->
