<?xml version="1.0" encoding="UTF-8"?>
<!-- Generated by org.testng.reporters.JUnitXMLReporter -->
<testsuite ignored="0" hostname="DESKTOP-AU847K4" failures="0" tests="3" name="SearchTest" time="0.052" errors="0" timestamp="2025-06-11T08:49:48 IST">
  <testcase classname="testngparallel.Search" name="InvalidTextSearch" time="0.003"/>
  <testcase classname="testngparallel.Search" name="emptyTextSearch" time="0.008"/>
  <testcase classname="testngparallel.Search" name="validTextSearch" time="0.004"/>
</testsuite> <!-- SearchTest -->
