<?xml version="1.0" encoding="UTF-8"?>
<!-- Generated by org.testng.reporters.JUnitXMLReporter -->
<testsuite ignored="0" hostname="DESKTOP-AU847K4" failures="0" tests="4" name="Test" time="78.92" errors="0" timestamp="2025-06-12T09:03:06 IST">
  <testcase classname="testngpack.CheckBox1" name="checkboxTest" time="0.213"/>
  <testcase classname="testngpack.LinksTesting1" name="linktesting1" time="2.029"/>
  <testcase classname="testngpack.RadioButton1" name="radioButtonTest" time="0.22"/>
  <testcase classname="testngpack.TNG_002" name="amazon" time="1.347"/>
</testsuite> <!-- Test -->
