<?xml version="1.0" encoding="UTF-8"?>
<!-- Generated by org.testng.reporters.JUnitXMLReporter -->
<testsuite ignored="0" hostname="DESKTOP-AU847K4" failures="0" tests="12" name="Test" time="0.309" errors="0" timestamp="2025-06-11T09:04:08 IST">
  <testcase classname="testngparallel.Register" name="registerWithMandatoryFileds" time="0.046"/>
  <testcase classname="testngparallel.Register" name="registerWithEmptyFileds" time="0.045"/>
  <testcase classname="testngparallel.Register" name="registerWithDuplicateFileds" time="0.047"/>
  <testcase classname="testngparallel.Register" name="registerWithAllFileds" time="0.046"/>
  <testcase classname="testngparallel.Login" name="loginWithInValidCredientials" time="0.044"/>
  <testcase classname="testngparallel.Login" name="loginWithInValidUserAndvalidPassword" time="0.009"/>
  <testcase classname="testngparallel.Login" name="loginWithEmptyCredientials" time="0.089"/>
  <testcase classname="testngparallel.Search" name="validTextSearch" time="0.003"/>
  <testcase classname="testngparallel.Search" name="emptyTextSearch" time="0.007"/>
  <testcase classname="testngparallel.Search" name="InvalidTextSearch" time="0.036"/>
  <testcase classname="testngparallel.Login" name="loginWithValidUserAndInvalidPassword" time="0.005"/>
  <testcase classname="testngparallel.Login" name="loginWithValidCredientials" time="0.066"/>
</testsuite> <!-- Test -->
