<?xml version="1.0" encoding="UTF-8"?>
<testng-results ignored="0" total="3" passed="3" failed="0" skipped="0">
  <reporter-output>
  </reporter-output>
  <suite started-at="2025-06-18T08:55:55 IST" name="Default suite" finished-at="2025-06-18T08:55:55 IST" duration-ms="173">
    <groups>
    </groups>
    <test started-at="2025-06-18T08:55:55 IST" name="Default test" finished-at="2025-06-18T08:55:55 IST" duration-ms="173">
      <class name="dataDrivens.TestDataDriven">
        <test-method signature="f(java.lang.Integer,java.lang.String)[pri:0, instance:dataDrivens.TestDataDriven@4a83a74a]" started-at="2025-06-18T08:55:55 IST" name="f" data-provider="dp" finished-at="2025-06-18T08:55:55 IST" duration-ms="12" status="PASS">
          <params>
            <param index="0">
              <value>
                <![CDATA[1]]>
              </value>
            </param>
            <param index="1">
              <value>
                <![CDATA[a]]>
              </value>
            </param>
          </params>
          <reporter-output>
          </reporter-output>
        </test-method> <!-- f -->
        <test-method signature="f(java.lang.Integer,java.lang.String)[pri:0, instance:dataDrivens.TestDataDriven@4a83a74a]" started-at="2025-06-18T08:55:55 IST" name="f" data-provider="dp" finished-at="2025-06-18T08:55:55 IST" duration-ms="11" status="PASS">
          <params>
            <param index="0">
              <value>
                <![CDATA[2]]>
              </value>
            </param>
            <param index="1">
              <value>
                <![CDATA[b]]>
              </value>
            </param>
          </params>
          <reporter-output>
          </reporter-output>
        </test-method> <!-- f -->
        <test-method signature="f(java.lang.Integer,java.lang.String)[pri:0, instance:dataDrivens.TestDataDriven@4a83a74a]" started-at="2025-06-18T08:55:55 IST" name="f" data-provider="dp" finished-at="2025-06-18T08:55:55 IST" duration-ms="5" status="PASS">
          <params>
            <param index="0">
              <value>
                <![CDATA[2]]>
              </value>
            </param>
            <param index="1">
              <value>
                <![CDATA[b]]>
              </value>
            </param>
          </params>
          <reporter-output>
          </reporter-output>
        </test-method> <!-- f -->
      </class> <!-- dataDrivens.TestDataDriven -->
    </test> <!-- Default test -->
  </suite> <!-- Default suite -->
</testng-results>
